<?xml version="1.0" encoding="UTF-8"?>
<!-- Generated by org.testng.reporters.JUnitXMLReporter -->
<testsuite ignored="0" hostname="DESKTOP-KQRAAFP" failures="0" tests="5" name="ChromeTest" time="54.789" errors="0" timestamp="2022-08-04T23:01:01 IST">
  <testcase classname="parameterizaation.CrossBroweser" name="verifyLogin" time="23.876"/>
  <testcase classname="parameterizaation.CrossBroweser" name="verifyLogin" time="6.767"/>
  <testcase classname="parameterizaation.CrossBroweser" name="verifyLogin" time="5.496"/>
  <testcase classname="parameterizaation.CrossBroweser" name="verifyLogin" time="5.401"/>
  <testcase classname="parameterizaation.CrossBroweser" name="verifyLogin" time="7.577"/>
</testsuite> <!-- ChromeTest -->
