<?xml version="1.0" encoding="UTF-8"?>
<!-- Generated by org.testng.reporters.JUnitXMLReporter -->
<testsuite ignored="0" hostname="DESKTOP-KQRAAFP" failures="0" tests="5" name="firefoxTest" time="59.312" errors="0" timestamp="2022-08-04T23:01:05 IST">
  <testcase classname="parameterizaation.CrossBroweser" name="@AfterTest tearDown" time="0.001">
    <failure type="java.lang.NullPointerException">
      <![CDATA[java.lang.NullPointerException
at parameterizaation.CrossBroweser.tearDown(CrossBroweser.java:71)
at java.base/java.util.concurrent.FutureTask.run(FutureTask.java:264)
at java.base/java.util.concurrent.ThreadPoolExecutor.runWorker(ThreadPoolExecutor.java:1128)
at java.base/java.util.concurrent.ThreadPoolExecutor$Worker.run(ThreadPoolExecutor.java:628)
at java.base/java.lang.Thread.run(Thread.java:834)
... Removed 15 stack frames]]>
    </failure>
  </testcase> <!-- @AfterTest tearDown -->
  <testcase classname="parameterizaation.CrossBroweser" name="verifyLogin" time="19.873"/>
  <testcase classname="parameterizaation.CrossBroweser" name="verifyLogin" time="5.025"/>
  <testcase classname="parameterizaation.CrossBroweser" name="verifyLogin" time="6.048"/>
  <testcase classname="parameterizaation.CrossBroweser" name="verifyLogin" time="10.551"/>
  <testcase classname="parameterizaation.CrossBroweser" name="verifyLogin" time="7.836"/>
</testsuite> <!-- firefoxTest -->
