<?xml version="1.0" encoding="UTF-8"?>
<!-- Generated by org.testng.reporters.JUnitXMLReporter -->
<testsuite ignored="0" hostname="DESKTOP-KQRAAFP" failures="0" tests="0" time="0.048" errors="0" timestamp="2022-08-04T20:29:18 IST">
  <testcase classname="parameterizaation.CrossBroweser" name="@AfterTest clouser" time="0.0">
    <failure type="java.lang.NullPointerException">
      <![CDATA[java.lang.NullPointerException
at parameterizaation.CrossBroweser.clouser(CrossBroweser.java:42)
... Removed 24 stack frames]]>
    </failure>
  </testcase> <!-- @AfterTest clouser -->
</testsuite>
